<?xml version="1.0" encoding="UTF-8"?>
<testng-results skipped="0" failed="0" ignored="0" total="2" passed="2">
  <reporter-output>
  </reporter-output>
  <suite name="Default suite" duration-ms="18250" started-at="2020-05-11T14:02:23Z" finished-at="2020-05-11T14:02:42Z">
    <groups>
    </groups>
    <test name="Default test" duration-ms="18250" started-at="2020-05-11T14:02:23Z" finished-at="2020-05-11T14:02:42Z">
      <class name="com.Su.Testcases.Mart_Testcases">
        <test-method status="PASS" signature="Validatecogs()[pri:1, instance:com.Su.Testcases.Mart_Testcases@5ce81285]" name="Validatecogs" duration-ms="11000" started-at="2020-05-11T14:02:23Z" finished-at="2020-05-11T14:02:34Z">
          <reporter-output>
          </reporter-output>
        </test-method> <!-- Validatecogs -->
        <test-method status="PASS" signature="Validatedshippedunits()[pri:2, instance:com.Su.Testcases.Mart_Testcases@5ce81285]" name="Validatedshippedunits" duration-ms="7197" started-at="2020-05-11T14:02:34Z" finished-at="2020-05-11T14:02:42Z">
          <reporter-output>
          </reporter-output>
        </test-method> <!-- Validatedshippedunits -->
      </class> <!-- com.Su.Testcases.Mart_Testcases -->
    </test> <!-- Default test -->
  </suite> <!-- Default suite -->
</testng-results>
