<?xml version="1.0" encoding="UTF-8"?>
<!-- Generated by org.testng.reporters.JUnitXMLReporter -->
<testsuite hostname="LSIPL07" name="i2o V2 Production testing" tests="4" failures="0" timestamp="17 Jul 2019 17:41:09 GMT" time="0.119" errors="0">
  <testcase name="@BeforeTest openchromedriver" time="0.0" classname="com.i2o.Testcases.PPDeployemetTesting">
    <failure type="java.lang.NullPointerException">
      <![CDATA[java.lang.NullPointerException
	at com.i2o.base.TestBase.initialization(TestBase.java:35)
	at com.i2o.Testcases.PPDeployemetTesting.openchromedriver(PPDeployemetTesting.java:42)
... Removed 22 stack frames]]>
    </failure>
  </testcase> <!-- @BeforeTest openchromedriver -->
  <testcase name="@BeforeMethod go" time="0.0" classname="com.i2o.Testcases.PPDeployemetTesting">
    <skipped/>
  </testcase> <!-- @BeforeMethod go -->
  <testcase name="@AfterMethod gotohomepage" time="0.0" classname="com.i2o.Testcases.PPDeployemetTesting">
    <skipped/>
  </testcase> <!-- @AfterMethod gotohomepage -->
  <testcase name="@BeforeMethod go" time="0.0" classname="com.i2o.Testcases.PPDeployemetTesting">
    <skipped/>
  </testcase> <!-- @BeforeMethod go -->
  <testcase name="@AfterMethod gotohomepage" time="0.0" classname="com.i2o.Testcases.PPDeployemetTesting">
    <skipped/>
  </testcase> <!-- @AfterMethod gotohomepage -->
  <testcase name="@BeforeMethod go" time="0.0" classname="com.i2o.Testcases.PPDeployemetTesting">
    <skipped/>
  </testcase> <!-- @BeforeMethod go -->
  <testcase name="@AfterMethod gotohomepage" time="0.0" classname="com.i2o.Testcases.PPDeployemetTesting">
    <skipped/>
  </testcase> <!-- @AfterMethod gotohomepage -->
  <testcase name="@BeforeMethod go" time="0.0" classname="com.i2o.Testcases.PPDeployemetTesting">
    <skipped/>
  </testcase> <!-- @BeforeMethod go -->
  <testcase name="@AfterMethod gotohomepage" time="0.0" classname="com.i2o.Testcases.PPDeployemetTesting">
    <skipped/>
  </testcase> <!-- @AfterMethod gotohomepage -->
  <testcase name="@AfterTest closefirefox" time="0.0" classname="com.i2o.Testcases.PPDeployemetTesting">
    <skipped/>
  </testcase> <!-- @AfterTest closefirefox -->
  <testcase name="verifycolourRequestCount" time="0.002" classname="com.i2o.Testcases.PPDeployemetTesting">
    <skipped/>
  </testcase> <!-- verifycolourRequestCount -->
  <testcase name="verifyManagecPanelmodule" time="0.003" classname="com.i2o.Testcases.PPDeployemetTesting">
    <skipped/>
  </testcase> <!-- verifyManagecPanelmodule -->
  <testcase name="verifyManagecolourmodule" time="0.003" classname="com.i2o.Testcases.PPDeployemetTesting">
    <skipped/>
  </testcase> <!-- verifyManagecolourmodule -->
  <testcase name="verifymastermanagementmodule" time="0.002" classname="com.i2o.Testcases.PPDeployemetTesting">
    <skipped/>
  </testcase> <!-- verifymastermanagementmodule -->
</testsuite> <!-- i2o V2 Production testing -->
