<?xml version="1.0" encoding="UTF-8"?>
<!-- Generated by org.testng.reporters.JUnitXMLReporter -->
<testsuite hostname="LSIPL07" ignored="0" name="i2o SU Sanity testing" tests="7" failures="0" timestamp="19 Apr 2020 10:10:47 GMT" time="169.544" errors="0">
  <testcase name="ValidateHomepage" time="18.995" classname="com.Su.Testcases.i20ApplicationSanityTest"/>
  <testcase name="ValidateSalesAnalysis" time="26.504" classname="com.Su.Testcases.i20ApplicationSanityTest"/>
  <testcase name="ValidateA$E" time="7.972" classname="com.Su.Testcases.i20ApplicationSanityTest"/>
  <testcase name="ValidatepriceMonitor" time="10.169" classname="com.Su.Testcases.i20ApplicationSanityTest"/>
  <testcase name="ValidateResellermgmt" time="13.798" classname="com.Su.Testcases.i20ApplicationSanityTest"/>
  <testcase name="ValidateBCM" time="8.778" classname="com.Su.Testcases.i20ApplicationSanityTest"/>
  <testcase name="Validatedetailreports" time="10.783" classname="com.Su.Testcases.i20ApplicationSanityTest"/>
</testsuite> <!-- i2o SU Sanity testing -->
