<?xml version="1.0" encoding="UTF-8"?>
<testng-results skipped="0" failed="0" ignored="0" total="1" passed="1">
  <reporter-output>
  </reporter-output>
  <suite name="i2o Sound united Automation" duration-ms="109607" started-at="2020-05-20T14:00:58Z" finished-at="2020-05-20T14:02:47Z">
    <groups>
    </groups>
    <test name="i2o SU sanity testing" duration-ms="109607" started-at="2020-05-20T14:00:58Z" finished-at="2020-05-20T14:02:47Z">
      <class name="com.cc.startup.Startup">
        <test-method status="PASS" signature="RuntestSuite()[pri:0, instance:com.cc.startup.Startup@5025a98f]" name="RuntestSuite" duration-ms="109555" started-at="2020-05-20T14:00:58Z" finished-at="2020-05-20T14:02:47Z">
          <reporter-output>
          </reporter-output>
        </test-method> <!-- RuntestSuite -->
      </class> <!-- com.cc.startup.Startup -->
    </test> <!-- i2o SU sanity testing -->
  </suite> <!-- i2o Sound united Automation -->
</testng-results>
