<?xml version="1.0" encoding="UTF-8"?>
<!-- Generated by org.testng.reporters.JUnitXMLReporter -->
<testsuite hostname="LSIPL07" ignored="0" name="Default test" tests="7" failures="0" timestamp="17 Apr 2020 17:25:51 GMT" time="339.867" errors="0">
  <testcase name="ValidateHomepage" time="18.487" classname="com.Su.Testcases.i20ApplicationSanityTest"/>
  <testcase name="ValidateSalesAnalysis" time="25.17" classname="com.Su.Testcases.i20ApplicationSanityTest"/>
  <testcase name="ValidateA$E" time="6.403" classname="com.Su.Testcases.i20ApplicationSanityTest"/>
  <testcase name="ValidatepriceMonitor" time="9.235" classname="com.Su.Testcases.i20ApplicationSanityTest"/>
  <testcase name="ValidateResellermgmt" time="10.563" classname="com.Su.Testcases.i20ApplicationSanityTest"/>
  <testcase name="ValidateBCM" time="6.218" classname="com.Su.Testcases.i20ApplicationSanityTest"/>
  <testcase name="Validatedetailreports" time="8.845" classname="com.Su.Testcases.i20ApplicationSanityTest"/>
</testsuite> <!-- Default test -->
