<?xml version="1.0" encoding="UTF-8"?>
<testng-results skipped="0" failed="0" total="6" passed="6">
  <reporter-output>
  </reporter-output>
  <suite name="i2o Sound united Automation (0)" duration-ms="26492" started-at="2020-05-20T10:37:31Z" finished-at="2020-05-20T10:37:58Z">
    <groups>
    </groups>
    <test name="i2o SU Functional testing" duration-ms="26492" started-at="2020-05-20T10:37:31Z" finished-at="2020-05-20T10:37:58Z">
      <class name="com.Su.Testcases.Mart_Testcases">
        <test-method status="PASS" signature="Validatecogs()[pri:1, instance:com.Su.Testcases.Mart_Testcases@396a51ab]" name="Validatecogs" duration-ms="9158" started-at="2020-05-20T16:07:31Z" finished-at="2020-05-20T16:07:40Z">
          <reporter-output>
          </reporter-output>
        </test-method> <!-- Validatecogs -->
        <test-method status="PASS" signature="Validatedshippedunits()[pri:2, instance:com.Su.Testcases.Mart_Testcases@396a51ab]" name="Validatedshippedunits" duration-ms="8777" started-at="2020-05-20T16:07:40Z" finished-at="2020-05-20T16:07:49Z">
          <reporter-output>
          </reporter-output>
        </test-method> <!-- Validatedshippedunits -->
        <test-method status="PASS" signature="Validatelastweekbbxpercentvalue()[pri:3, instance:com.Su.Testcases.Mart_Testcases@396a51ab]" name="Validatelastweekbbxpercentvalue" duration-ms="8547" started-at="2020-05-20T16:07:49Z" finished-at="2020-05-20T16:07:58Z">
          <reporter-output>
          </reporter-output>
        </test-method> <!-- Validatelastweekbbxpercentvalue -->
      </class> <!-- com.Su.Testcases.Mart_Testcases -->
    </test> <!-- i2o SU Functional testing -->
  </suite> <!-- i2o Sound united Automation (0) -->
  <suite name="i2o Sound united Automation" duration-ms="34607" started-at="2020-05-20T10:36:56Z" finished-at="2020-05-20T10:37:31Z">
    <groups>
    </groups>
    <test name="i2o SU Functional testing" duration-ms="34607" started-at="2020-05-20T10:36:56Z" finished-at="2020-05-20T10:37:31Z">
      <class name="com.Su.Testcases.Prestage_Testcases">
        <test-method status="PASS" signature="Validatedshippedcogs()[pri:1, instance:com.Su.Testcases.Prestage_Testcases@3c756e4d]" name="Validatedshippedcogs" duration-ms="20173" started-at="2020-05-20T16:06:57Z" finished-at="2020-05-20T16:07:17Z">
          <reporter-output>
          </reporter-output>
        </test-method> <!-- Validatedshippedcogs -->
        <test-method status="PASS" signature="Validatedshippedunits()[pri:2, instance:com.Su.Testcases.Prestage_Testcases@3c756e4d]" name="Validatedshippedunits" duration-ms="6829" started-at="2020-05-20T16:07:17Z" finished-at="2020-05-20T16:07:24Z">
          <reporter-output>
          </reporter-output>
        </test-method> <!-- Validatedshippedunits -->
        <test-method status="PASS" signature="Validatelastweekbbxpercentvalue()[pri:3, instance:com.Su.Testcases.Prestage_Testcases@3c756e4d]" name="Validatelastweekbbxpercentvalue" duration-ms="7577" started-at="2020-05-20T16:07:24Z" finished-at="2020-05-20T16:07:31Z">
          <reporter-output>
          </reporter-output>
        </test-method> <!-- Validatelastweekbbxpercentvalue -->
      </class> <!-- com.Su.Testcases.Prestage_Testcases -->
    </test> <!-- i2o SU Functional testing -->
  </suite> <!-- i2o Sound united Automation -->
</testng-results>
