<?xml version="1.0" encoding="UTF-8"?>
<testsuite xmlns:xsi="http://www.w3.org/2001/XMLSchema-instance" xsi:schemaLocation="https://maven.apache.org/surefire/maven-surefire-plugin/xsd/surefire-test-report.xsd" name="TestSuite" time="64.953" tests="6" errors="0" skipped="0" failures="0">
  <properties>
[...]
</properties>
  <testcase name="Validatedshippedcogs" classname="com.Su.Testcases.Prestage_Testcases" time="20.177"/>
  <testcase name="Validatedshippedunits" classname="com.Su.Testcases.Prestage_Testcases" time="6.823"/>
  <testcase name="Validatelastweekbbxpercentvalue" classname="com.Su.Testcases.Prestage_Testcases" time="7.576"/>
  <testcase name="Validatecogs" classname="com.Su.Testcases.Mart_Testcases" time="9.164"/>
  <testcase name="Validatedshippedunits" classname="com.Su.Testcases.Mart_Testcases" time="8.774"/>
  <testcase name="Validatelastweekbbxpercentvalue" classname="com.Su.Testcases.Mart_Testcases" time="8.551"/>
</testsuite>